<?xml version="1.0" encoding="UTF-8"?>
<!-- Generated by org.testng.reporters.JUnitXMLReporter -->
<testsuite hostname="L-MAA-25015303" ignored="0" name="APIPlayGroundTest" tests="8" failures="0" timestamp="19 Nov 2018 10:28:57 GMT" time="2.206" errors="0">
  <testcase name="createProduct" time="1.616" classname="rest.api.APIPlayground"/>
  <testcase name="createService" time="0.05" classname="rest.api.APIPlayground"/>
  <testcase name="createStore" time="0.042" classname="rest.api.APIPlayground"/>
  <testcase name="getProductAndDescription" time="0.1" classname="rest.api.APIPlayground"/>
  <testcase name="getStoresInTenMiles" time="0.029" classname="rest.api.APIPlayground"/>
  <testcase name="getStoresSellApple" time="0.046" classname="rest.api.APIPlayground"/>
  <testcase name="getStoresinMN" time="0.042" classname="rest.api.APIPlayground"/>
  <testcase name="getTVfreeShippingPrice" time="0.24" classname="rest.api.APIPlayground"/>
</testsuite> <!-- APIPlayGroundTest -->
